<?xml version="1.0" encoding="UTF-8"?>
<!-- Generated by org.testng.reporters.JUnitReportReporter -->
<testsuite name="com.jd.trade.UITest.UITestNG" tests="2" time="0.004" ignored="0" failures="0" timestamp="21 十二月 2016 01:15:37 GMT" skipped="0" hostname="ZB-PC0DLKL3" errors="0">
  <testcase name="f" time="0.001" classname="com.jd.trade.UITest.UITestNG"/>
  <testcase name="f" time="0.003" classname="com.jd.trade.UITest.UITestNG"/>
</testsuite> <!-- com.jd.trade.UITest.UITestNG -->
